<?xml version="1.0" encoding="UTF-8"?>
<!-- Generated by org.testng.reporters.JUnitReportReporter -->
<testsuite skipped="0" hostname="DESKTOP-6BFI5JG" name="AutomationPractise2.RestApiTestCase" tests="2" failures="0" timestamp="2021-06-15T18:48:20 IST" time="0.013" errors="0">
  <testcase name="API1" time="0.005" classname="AutomationPractise2.RestApiTestCase"/>
  <system-out/>
  <testcase name="API2" time="0.008" classname="AutomationPractise2.RestApiTestCase"/>
  <system-out/>
</testsuite> <!-- AutomationPractise2.RestApiTestCase -->
