<?xml version="1.0" encoding="UTF-8"?>
<!-- Generated by org.testng.reporters.JUnitReportReporter -->
<testsuite skipped="0" hostname="DESKTOP-6BFI5JG" name="AutomationPractise2.SeleniumTestCase" tests="2" failures="0" timestamp="2021-06-15T18:48:20 IST" time="0.082" errors="0">
  <testcase name="Web1" time="0.075" classname="AutomationPractise2.SeleniumTestCase"/>
  <system-out/>
  <testcase name="Web2" time="0.007" classname="AutomationPractise2.SeleniumTestCase"/>
  <system-out/>
</testsuite> <!-- AutomationPractise2.SeleniumTestCase -->
