<?xml version="1.0" encoding="UTF-8"?>
<!-- Generated by org.testng.reporters.JUnitReportReporter -->
<testsuite skipped="0" hostname="DESKTOP-6BFI5JG" name="RestApiTestCase" tests="1" failures="0" timestamp="2021-06-15T16:55:27 IST" time="0.045" errors="0">
  <testcase name="API1" time="0.045" classname="RestApiTestCase"/>
  <system-out/>
</testsuite> <!-- RestApiTestCase -->
