<?xml version="1.0" encoding="UTF-8"?>
<!-- Generated by org.testng.reporters.JUnitReportReporter -->
<testsuite skipped="0" hostname="DESKTOP-6BFI5JG" name="AutomationPractise2.SeleniumTestCase" tests="2" failures="0" timestamp="2021-06-16T17:23:41 IST" time="0.031" errors="0">
  <testcase name="Web1" time="0.027" classname="AutomationPractise2.SeleniumTestCase"/>
  <system-out/>
  <testcase name="Web2" time="0.004" classname="AutomationPractise2.SeleniumTestCase"/>
  <system-out/>
</testsuite> <!-- AutomationPractise2.SeleniumTestCase -->
