<?xml version="1.0" encoding="UTF-8"?>
<!-- Generated by org.testng.reporters.JUnitReportReporter -->
<testsuite skipped="0" hostname="DESKTOP-6BFI5JG" name="AutomationPractise2.AppiumTestCase" tests="2" failures="0" timestamp="2021-06-16T17:23:41 IST" time="0.006" errors="0">
  <testcase name="Mobile1" time="0.005" classname="AutomationPractise2.AppiumTestCase"/>
  <system-out/>
  <testcase name="Mobile2" time="0.001" classname="AutomationPractise2.AppiumTestCase"/>
  <system-out/>
</testsuite> <!-- AutomationPractise2.AppiumTestCase -->
