<?xml version="1.0" encoding="UTF-8"?>
<!-- Generated by org.testng.reporters.JUnitReportReporter -->
<testsuite skipped="0" hostname="DESKTOP-6BFI5JG" name="AutomationPractise2.RestApiTestCase" tests="2" failures="0" timestamp="2021-06-16T17:23:00 IST" time="0.007" errors="0">
  <testcase name="API1" time="0.001" classname="AutomationPractise2.RestApiTestCase"/>
  <system-out/>
  <testcase name="API2" time="0.006" classname="AutomationPractise2.RestApiTestCase"/>
  <system-out/>
</testsuite> <!-- AutomationPractise2.RestApiTestCase -->
